TN:
SF:send-alerts.js
FN:87,getAlertLevel
FN:99,createNotificationContent
FN:135,sendOneSignalNotification
FN:204,getPriorityLevel
FN:215,getTargetingOptions
FN:249,createTrafficAlert
FN:278,getTrafficSeverity
FN:291,shouldSendNotification
FN:315,getCooldownPeriod
FN:327,sendSMSAlert
FN:339,sendEmailAlert
FN:351,(anonymous_11)
FN:494,validateNotificationData
FN:523,(anonymous_13)
FNF:14
FNH:0
FNDA:0,getAlertLevel
FNDA:0,createNotificationContent
FNDA:0,sendOneSignalNotification
FNDA:0,getPriorityLevel
FNDA:0,getTargetingOptions
FNDA:0,createTrafficAlert
FNDA:0,getTrafficSeverity
FNDA:0,shouldSendNotification
FNDA:0,getCooldownPeriod
FNDA:0,sendSMSAlert
FNDA:0,sendEmailAlert
FNDA:0,(anonymous_11)
FNDA:0,validateNotificationData
FNDA:0,(anonymous_13)
DA:1,1
DA:2,1
DA:3,1
DA:4,1
DA:5,1
DA:16,1
DA:17,1
DA:20,1
DA:23,1
DA:30,1
DA:59,1
DA:88,0
DA:89,0
DA:90,0
DA:91,0
DA:92,0
DA:93,0
DA:95,0
DA:100,0
DA:101,0
DA:102,0
DA:104,0
DA:127,0
DA:136,0
DA:137,0
DA:138,0
DA:141,0
DA:155,0
DA:162,0
DA:174,0
DA:180,0
DA:188,0
DA:195,0
DA:205,0
DA:211,0
DA:216,0
DA:218,0
DA:220,0
DA:221,0
DA:223,0
DA:226,0
DA:230,0
DA:231,0
DA:235,0
DA:236,0
DA:237,0
DA:245,0
DA:250,0
DA:251,0
DA:253,0
DA:279,0
DA:287,0
DA:292,0
DA:293,0
DA:295,0
DA:296,0
DA:297,0
DA:299,0
DA:300,0
DA:305,0
DA:310,0
DA:311,0
DA:316,0
DA:323,0
DA:329,0
DA:331,0
DA:341,0
DA:343,0
DA:351,1
DA:352,0
DA:353,0
DA:356,0
DA:357,0
DA:370,0
DA:371,0
DA:374,0
DA:382,0
DA:383,0
DA:390,0
DA:391,0
DA:392,0
DA:393,0
DA:400,0
DA:412,0
DA:415,0
DA:433,0
DA:434,0
DA:435,0
DA:442,0
DA:443,0
DA:455,0
DA:457,0
DA:459,0
DA:461,0
DA:469,0
DA:483,0
DA:489,0
DA:495,0
DA:497,0
DA:498,0
DA:501,0
DA:502,0
DA:505,0
DA:506,0
DA:509,0
DA:510,0
DA:513,0
DA:514,0
DA:517,0
DA:523,1
DA:524,0
DA:526,0
DA:533,0
DA:534,0
DA:537,0
DA:538,0
DA:547,0
DA:548,0
DA:550,0
DA:564,0
DA:566,0
DA:567,0
DA:574,0
DA:583,0
DA:584,0
DA:586,0
DA:587,0
DA:590,0
DA:591,0
DA:592,0
DA:595,0
DA:604,0
DA:605,0
DA:606,0
DA:614,0
DA:615,0
DA:617,0
DA:618,0
DA:623,0
DA:624,0
DA:625,0
DA:634,0
DA:635,0
DA:636,0
DA:644,0
DA:647,0
DA:670,0
DA:672,0
DA:688,1
DA:696,1
LF:150
LH:15
BRDA:88,0,0,0
BRDA:88,0,1,0
BRDA:90,1,0,0
BRDA:90,1,1,0
BRDA:92,2,0,0
BRDA:92,2,1,0
BRDA:92,3,0,0
BRDA:92,3,1,0
BRDA:101,4,0,0
BRDA:101,4,1,0
BRDA:102,5,0,0
BRDA:102,5,1,0
BRDA:137,6,0,0
BRDA:137,6,1,0
BRDA:137,7,0,0
BRDA:137,7,1,0
BRDA:145,8,0,0
BRDA:145,8,1,0
BRDA:159,9,0,0
BRDA:159,9,1,0
BRDA:184,10,0,0
BRDA:184,10,1,0
BRDA:211,11,0,0
BRDA:211,11,1,0
BRDA:218,12,0,0
BRDA:218,12,1,0
BRDA:218,13,0,0
BRDA:218,13,1,0
BRDA:221,14,0,0
BRDA:221,14,1,0
BRDA:221,15,0,0
BRDA:221,15,1,0
BRDA:230,16,0,0
BRDA:230,16,1,0
BRDA:235,17,0,0
BRDA:235,17,1,0
BRDA:236,18,0,0
BRDA:236,18,1,0
BRDA:239,19,0,0
BRDA:239,19,1,0
BRDA:256,20,0,0
BRDA:256,20,1,0
BRDA:265,21,0,0
BRDA:265,21,1,0
BRDA:287,22,0,0
BRDA:287,22,1,0
BRDA:292,23,0,0
BRDA:292,23,1,0
BRDA:295,24,0,0
BRDA:295,24,1,0
BRDA:299,25,0,0
BRDA:299,25,1,0
BRDA:323,26,0,0
BRDA:323,26,1,0
BRDA:327,27,0,0
BRDA:339,28,0,0
BRDA:356,29,0,0
BRDA:356,29,1,0
BRDA:360,30,0,0
BRDA:360,30,1,0
BRDA:370,31,0,0
BRDA:370,31,1,0
BRDA:378,32,0,0
BRDA:378,32,1,0
BRDA:392,33,0,0
BRDA:392,33,1,0
BRDA:400,34,0,0
BRDA:400,34,1,0
BRDA:406,35,0,0
BRDA:407,36,0,0
BRDA:408,37,0,0
BRDA:409,38,0,0
BRDA:410,39,0,0
BRDA:411,40,0,0
BRDA:429,41,0,0
BRDA:429,41,1,0
BRDA:434,42,0,0
BRDA:434,42,1,0
BRDA:442,43,0,0
BRDA:442,43,1,0
BRDA:442,44,0,0
BRDA:442,44,1,0
BRDA:497,45,0,0
BRDA:497,45,1,0
BRDA:497,46,0,0
BRDA:497,46,1,0
BRDA:501,47,0,0
BRDA:501,47,1,0
BRDA:501,48,0,0
BRDA:501,48,1,0
BRDA:505,49,0,0
BRDA:505,49,1,0
BRDA:505,50,0,0
BRDA:505,50,1,0
BRDA:509,51,0,0
BRDA:509,51,1,0
BRDA:509,52,0,0
BRDA:509,52,1,0
BRDA:513,53,0,0
BRDA:513,53,1,0
BRDA:513,54,0,0
BRDA:513,54,1,0
BRDA:533,55,0,0
BRDA:533,55,1,0
BRDA:537,56,0,0
BRDA:537,56,1,0
BRDA:548,57,0,0
BRDA:548,57,1,0
BRDA:558,58,0,0
BRDA:559,59,0,0
BRDA:560,60,0,0
BRDA:561,61,0,0
BRDA:562,62,0,0
BRDA:563,63,0,0
BRDA:566,64,0,0
BRDA:566,64,1,0
BRDA:566,65,0,0
BRDA:566,65,1,0
BRDA:591,66,0,0
BRDA:591,66,1,0
BRDA:604,67,0,0
BRDA:604,67,1,0
BRDA:609,68,0,0
BRDA:609,68,1,0
BRDA:614,69,0,0
BRDA:614,69,1,0
BRDA:623,70,0,0
BRDA:623,70,1,0
BRDA:623,71,0,0
BRDA:623,71,1,0
BRDA:634,72,0,0
BRDA:634,72,1,0
BRDA:634,73,0,0
BRDA:634,73,1,0
BRDA:656,74,0,0
BRDA:656,74,1,0
BRF:136
BRH:0
end_of_record
TN:
SF:test-functions.js
FN:6,testFunctions
FNF:1
FNH:0
FNDA:0,testFunctions
DA:2,0
DA:3,0
DA:4,0
DA:7,0
DA:10,0
DA:11,0
DA:12,0
DA:17,0
DA:18,0
DA:19,0
DA:20,0
DA:22,0
DA:25,0
DA:29,0
DA:30,0
DA:31,0
DA:41,0
DA:42,0
DA:43,0
DA:44,0
DA:46,0
DA:49,0
DA:53,0
DA:54,0
DA:55,0
DA:67,0
DA:68,0
DA:69,0
DA:70,0
DA:72,0
DA:75,0
DA:78,0
DA:81,0
LF:33
LH:0
BRDA:19,0,0,0
BRDA:19,0,1,0
BRDA:43,1,0,0
BRDA:43,1,1,0
BRDA:69,2,0,0
BRDA:69,2,1,0
BRF:6
BRH:0
end_of_record
TN:
SF:test-no-auth.js
FN:4,(anonymous_0)
FNF:1
FNH:0
FNDA:0,(anonymous_0)
DA:1,0
DA:4,0
DA:6,0
DA:13,0
DA:14,0
DA:21,0
DA:22,0
DA:31,0
DA:37,0
DA:38,0
DA:49,0
LF:11
LH:0
BRDA:13,0,0,0
BRDA:13,0,1,0
BRF:2
BRH:0
end_of_record
TN:
SF:traffic-predictions.js
FN:41,runGNNInference
FN:53,(anonymous_1)
FN:64,(anonymous_2)
FN:66,(anonymous_3)
FN:78,runLibCityForecast
FN:85,(anonymous_5)
FN:107,(anonymous_6)
FN:119,sendCriticalAlert
FN:134,(anonymous_8)
FN:200,(anonymous_9)
FN:201,(anonymous_10)
FN:203,(anonymous_11)
FN:209,(anonymous_12)
FN:210,(anonymous_13)
FN:212,(anonymous_14)
FN:230,(anonymous_15)
FN:246,(anonymous_16)
FN:256,(anonymous_17)
FN:273,(anonymous_18)
FN:295,(anonymous_19)
FN:338,(anonymous_20)
FN:390,fetchHERETrafficData
FN:415,(anonymous_22)
FN:423,fetchOpenMeteoData
FN:452,sendCriticalAlerts
FN:471,handleRateLimitError
FN:490,getTrafficColor
FN:501,getTrafficWidth
FNF:28
FNH:0
FNDA:0,runGNNInference
FNDA:0,(anonymous_1)
FNDA:0,(anonymous_2)
FNDA:0,(anonymous_3)
FNDA:0,runLibCityForecast
FNDA:0,(anonymous_5)
FNDA:0,(anonymous_6)
FNDA:0,sendCriticalAlert
FNDA:0,(anonymous_8)
FNDA:0,(anonymous_9)
FNDA:0,(anonymous_10)
FNDA:0,(anonymous_11)
FNDA:0,(anonymous_12)
FNDA:0,(anonymous_13)
FNDA:0,(anonymous_14)
FNDA:0,(anonymous_15)
FNDA:0,(anonymous_16)
FNDA:0,(anonymous_17)
FNDA:0,(anonymous_18)
FNDA:0,(anonymous_19)
FNDA:0,(anonymous_20)
FNDA:0,fetchHERETrafficData
FNDA:0,(anonymous_22)
FNDA:0,fetchOpenMeteoData
FNDA:0,sendCriticalAlerts
FNDA:0,handleRateLimitError
FNDA:0,getTrafficColor
FNDA:0,getTrafficWidth
DA:1,0
DA:2,0
DA:3,0
DA:4,0
DA:14,0
DA:15,0
DA:22,0
DA:25,0
DA:31,0
DA:42,0
DA:44,0
DA:47,0
DA:50,0
DA:53,0
DA:54,0
DA:63,0
DA:64,0
DA:65,0
DA:66,0
DA:74,0
DA:79,0
DA:85,0
DA:87,0
DA:100,0
DA:101,0
DA:105,0
DA:107,0
DA:115,0
DA:120,0
DA:121,0
DA:123,0
DA:124,0
DA:126,0
DA:127,0
DA:130,0
DA:134,0
DA:135,0
DA:136,0
DA:138,0
DA:146,0
DA:147,0
DA:148,0
DA:152,0
DA:158,0
DA:159,0
DA:160,0
DA:163,0
DA:166,0
DA:167,0
DA:168,0
DA:170,0
DA:171,0
DA:172,0
DA:173,0
DA:176,0
DA:177,0
DA:181,0
DA:182,0
DA:184,0
DA:185,0
DA:186,0
DA:193,0
DA:195,0
DA:197,0
DA:201,0
DA:204,0
DA:205,0
DA:210,0
DA:213,0
DA:214,0
DA:219,0
DA:226,0
DA:229,0
DA:230,0
DA:233,0
DA:234,0
DA:243,0
DA:244,0
DA:245,0
DA:246,0
DA:247,0
DA:250,0
DA:253,0
DA:256,0
DA:273,0
DA:292,0
DA:294,0
DA:295,0
DA:305,0
DA:307,0
DA:312,0
DA:314,0
DA:331,0
DA:337,0
DA:338,0
DA:341,0
DA:351,0
DA:359,0
DA:366,0
DA:369,0
DA:370,0
DA:371,0
DA:373,0
DA:385,0
DA:391,0
DA:393,0
DA:394,0
DA:395,0
DA:406,0
DA:408,0
DA:409,0
DA:414,0
DA:415,0
DA:424,0
DA:426,0
DA:427,0
DA:440,0
DA:446,0
DA:447,0
DA:453,0
DA:455,0
DA:464,0
DA:466,0
DA:472,0
DA:491,0
DA:498,0
DA:502,0
DA:509,0
DA:512,0
LF:129
LH:0
BRDA:26,0,0,0
BRDA:26,0,1,0
BRDA:41,1,0,0
BRDA:42,2,0,0
BRDA:42,3,0,0
BRDA:42,4,0,0
BRDA:63,5,0,0
BRDA:63,5,1,0
BRDA:82,6,0,0
BRDA:82,6,1,0
BRDA:94,7,0,0
BRDA:94,7,1,0
BRDA:95,8,0,0
BRDA:95,8,1,0
BRDA:96,9,0,0
BRDA:96,9,1,0
BRDA:101,10,0,0
BRDA:101,10,1,0
BRDA:102,11,0,0
BRDA:102,11,1,0
BRDA:103,12,0,0
BRDA:103,12,1,0
BRDA:120,13,0,0
BRDA:120,13,1,0
BRDA:120,14,0,0
BRDA:120,14,1,0
BRDA:147,15,0,0
BRDA:147,15,1,0
BRDA:154,16,0,0
BRDA:154,16,1,0
BRDA:155,17,0,0
BRDA:155,17,1,0
BRDA:158,18,0,0
BRDA:158,18,1,0
BRDA:166,19,0,0
BRDA:166,19,1,0
BRDA:167,20,0,0
BRDA:167,20,1,0
BRDA:170,21,0,0
BRDA:170,21,1,0
BRDA:171,22,0,0
BRDA:171,22,1,0
BRDA:173,23,0,0
BRDA:173,23,1,0
BRDA:176,24,0,0
BRDA:176,24,1,0
BRDA:184,25,0,0
BRDA:184,25,1,0
BRDA:184,26,0,0
BRDA:184,26,1,0
BRDA:229,27,0,0
BRDA:229,27,1,0
BRDA:233,28,0,0
BRDA:233,28,1,0
BRDA:287,29,0,0
BRDA:287,29,1,0
BRDA:292,30,0,0
BRDA:292,30,1,0
BRDA:292,30,2,0
BRDA:337,31,0,0
BRDA:337,31,1,0
BRDA:369,32,0,0
BRDA:369,32,1,0
BRDA:369,33,0,0
BRDA:369,33,1,0
BRDA:391,34,0,0
BRDA:391,34,1,0
BRDA:393,35,0,0
BRDA:393,35,1,0
BRDA:424,36,0,0
BRDA:424,36,1,0
BRDA:441,37,0,0
BRDA:441,37,1,0
BRDA:442,38,0,0
BRDA:442,38,1,0
BRDA:443,39,0,0
BRDA:443,39,1,0
BRDA:490,40,0,0
BRDA:498,41,0,0
BRDA:498,41,1,0
BRDA:509,42,0,0
BRDA:509,42,1,0
BRF:82
BRH:0
end_of_record
TN:
SF:utils/auth.js
FN:8,initializeFirebase
FN:37,verifyToken
FN:68,requireAuth
FN:69,(anonymous_3)
FN:143,requireAdmin
FN:144,(anonymous_5)
FN:168,getFirestore
FN:174,getAuth
FN:180,validateUserAccess
FN:190,checkUserRateLimit
FNF:10
FNH:0
FNDA:0,initializeFirebase
FNDA:0,verifyToken
FNDA:0,requireAuth
FNDA:0,(anonymous_3)
FNDA:0,requireAdmin
FNDA:0,(anonymous_5)
FNDA:0,getFirestore
FNDA:0,getAuth
FNDA:0,validateUserAccess
FNDA:0,checkUserRateLimit
DA:2,1
DA:3,1
DA:9,0
DA:10,0
DA:12,0
DA:13,0
DA:23,0
DA:27,0
DA:29,0
DA:30,0
DA:33,0
DA:39,0
DA:40,0
DA:41,0
DA:51,0
DA:52,0
DA:53,0
DA:54,0
DA:59,0
DA:60,0
DA:69,0
DA:70,0
DA:72,0
DA:73,0
DA:85,0
DA:87,0
DA:88,0
DA:96,0
DA:97,0
DA:105,0
DA:107,0
DA:108,0
DA:117,0
DA:119,0
DA:120,0
DA:129,0
DA:130,0
DA:133,0
DA:136,0
DA:137,0
DA:144,0
DA:145,0
DA:146,0
DA:149,0
DA:150,0
DA:158,0
DA:161,0
DA:162,0
DA:169,0
DA:170,0
DA:175,0
DA:176,0
DA:181,0
DA:182,0
DA:184,0
DA:188,1
DA:191,0
DA:192,0
DA:197,0
DA:198,0
DA:199,0
DA:202,0
DA:203,0
DA:211,0
DA:212,0
DA:214,0
DA:222,1
LF:67
LH:4
BRDA:9,0,0,0
BRDA:9,0,1,0
BRDA:9,1,0,0
BRDA:9,1,1,0
BRDA:12,2,0,0
BRDA:12,2,1,0
BRDA:33,3,0,0
BRDA:33,3,1,0
BRDA:39,4,0,0
BRDA:39,4,1,0
BRDA:39,5,0,0
BRDA:39,5,1,0
BRDA:72,6,0,0
BRDA:72,6,1,0
BRDA:85,7,0,0
BRDA:85,7,1,0
BRDA:87,8,0,0
BRDA:87,8,1,0
BRDA:96,9,0,0
BRDA:96,9,1,0
BRDA:107,10,0,0
BRDA:107,10,1,0
BRDA:119,11,0,0
BRDA:119,11,1,0
BRDA:149,12,0,0
BRDA:149,12,1,0
BRDA:149,13,0,0
BRDA:149,13,1,0
BRDA:180,14,0,0
BRDA:181,15,0,0
BRDA:181,15,1,0
BRDA:181,16,0,0
BRDA:181,16,1,0
BRDA:190,17,0,0
BRDA:190,18,0,0
BRDA:192,19,0,0
BRDA:192,19,1,0
BRDA:197,20,0,0
BRDA:197,20,1,0
BRDA:202,21,0,0
BRDA:202,21,1,0
BRF:41
BRH:0
end_of_record
TN:
SF:utils/errorHandler.js
FN:15,createErrorResponse
FN:38,generateRequestId
FN:43,handleValidationError
FN:53,handleRateLimitError
FN:68,handleExternalAPIError
FN:85,handleTimeoutError
FN:95,handleGenericError
FN:110,createSuccessResponse
FN:134,handleCORS
FN:148,validateRequest
FN:168,(anonymous_10)
FN:185,checkRateLimit
FN:222,asyncHandler
FN:223,(anonymous_13)
FN:246,log
FNF:15
FNH:0
FNDA:0,createErrorResponse
FNDA:0,generateRequestId
FNDA:0,handleValidationError
FNDA:0,handleRateLimitError
FNDA:0,handleExternalAPIError
FNDA:0,handleTimeoutError
FNDA:0,handleGenericError
FNDA:0,createSuccessResponse
FNDA:0,handleCORS
FNDA:0,validateRequest
FNDA:0,(anonymous_10)
FNDA:0,checkRateLimit
FNDA:0,asyncHandler
FNDA:0,(anonymous_13)
FNDA:0,log
DA:4,1
DA:16,0
DA:39,0
DA:44,0
DA:54,0
DA:69,0
DA:70,0
DA:72,0
DA:86,0
DA:96,0
DA:98,0
DA:111,0
DA:135,0
DA:149,0
DA:152,0
DA:153,0
DA:157,0
DA:158,0
DA:159,0
DA:160,0
DA:162,0
DA:163,0
DA:168,0
DA:169,0
DA:170,0
DA:171,0
DA:175,0
DA:183,1
DA:186,0
DA:187,0
DA:190,0
DA:191,0
DA:192,0
DA:196,0
DA:201,0
DA:202,0
DA:210,0
DA:211,0
DA:213,0
DA:223,0
DA:224,0
DA:226,0
DA:228,0
DA:231,0
DA:232,0
DA:236,0
DA:239,0
DA:240,0
DA:247,0
DA:248,0
DA:250,0
DA:251,0
DA:260,1
LF:53
LH:3
BRDA:15,0,0,0
BRDA:15,1,0,0
BRDA:30,2,0,0
BRDA:30,2,1,0
BRDA:69,3,0,0
BRDA:69,3,1,0
BRDA:70,4,0,0
BRDA:70,4,1,0
BRDA:70,4,2,0
BRDA:104,5,0,0
BRDA:104,5,1,0
BRDA:110,6,0,0
BRDA:110,7,0,0
BRDA:118,8,0,0
BRDA:118,8,1,0
BRDA:125,9,0,0
BRDA:125,9,1,0
BRDA:126,10,0,0
BRDA:126,10,1,0
BRDA:148,11,0,0
BRDA:148,12,0,0
BRDA:152,13,0,0
BRDA:152,13,1,0
BRDA:158,14,0,0
BRDA:158,14,1,0
BRDA:158,15,0,0
BRDA:158,15,1,0
BRDA:169,16,0,0
BRDA:169,16,1,0
BRDA:170,17,0,0
BRDA:170,17,1,0
BRDA:185,18,0,0
BRDA:185,19,0,0
BRDA:191,20,0,0
BRDA:191,20,1,0
BRDA:196,21,0,0
BRDA:196,21,1,0
BRDA:201,22,0,0
BRDA:201,22,1,0
BRDA:223,23,0,0
BRDA:231,24,0,0
BRDA:231,24,1,0
BRDA:246,25,0,0
BRDA:247,26,0,0
BRDA:247,26,1,0
BRDA:250,27,0,0
BRDA:250,27,1,0
BRF:47
BRH:0
end_of_record
TN:
SF:utils/mockData.js
FN:68,generateTrafficPredictions
FN:104,generateHighConfidence
FN:124,getRandomTrafficLevel
FN:153,calculateETA
FN:160,generateIncidents
FN:181,generateWeatherImpact
FN:194,generateRouteOptions
FN:244,calculateFuelConsumption
FN:249,generateRouteGeometry
FN:267,generateTrafficStats
FN:269,(anonymous_10)
FN:271,(anonymous_11)
FN:290,generateRouteStats
FN:303,generateHistoricalData
FNF:14
FNH:0
FNDA:0,generateTrafficPredictions
FNDA:0,generateHighConfidence
FNDA:0,getRandomTrafficLevel
FNDA:0,calculateETA
FNDA:0,generateIncidents
FNDA:0,generateWeatherImpact
FNDA:0,generateRouteOptions
FNDA:0,calculateFuelConsumption
FNDA:0,generateRouteGeometry
FNDA:0,generateTrafficStats
FNDA:0,(anonymous_10)
FNDA:0,(anonymous_11)
FNDA:0,generateRouteStats
FNDA:0,generateHistoricalData
DA:3,0
DA:6,0
DA:50,0
DA:59,0
DA:69,0
DA:70,0
DA:72,0
DA:73,0
DA:74,0
DA:75,0
DA:78,0
DA:79,0
DA:81,0
DA:100,0
DA:106,0
DA:107,0
DA:109,0
DA:110,0
DA:112,0
DA:113,0
DA:114,0
DA:115,0
DA:116,0
DA:120,0
DA:125,0
DA:126,0
DA:127,0
DA:130,0
DA:131,0
DA:132,0
DA:133,0
DA:135,0
DA:138,0
DA:139,0
DA:140,0
DA:142,0
DA:143,0
DA:144,0
DA:145,0
DA:149,0
DA:154,0
DA:155,0
DA:156,0
DA:161,0
DA:166,0
DA:167,0
DA:169,0
DA:170,0
DA:177,0
DA:182,0
DA:190,0
DA:195,0
DA:196,0
DA:197,0
DA:199,0
DA:245,0
DA:250,0
DA:251,0
DA:253,0
DA:254,0
DA:255,0
DA:256,0
DA:257,0
DA:260,0
DA:268,0
DA:269,0
DA:270,0
DA:271,0
DA:274,0
DA:291,0
DA:304,0
DA:305,0
DA:307,0
DA:308,0
DA:309,0
DA:318,0
DA:321,0
LF:77
LH:0
BRDA:68,0,0,0
BRDA:68,1,0,0
BRDA:69,2,0,0
BRDA:69,2,1,0
BRDA:114,3,0,0
BRDA:114,3,1,0
BRDA:126,4,0,0
BRDA:126,4,1,0
BRDA:126,4,2,0
BRDA:126,4,3,0
BRDA:130,5,0,0
BRDA:130,5,1,0
BRDA:130,6,0,0
BRDA:130,6,1,0
BRDA:132,7,0,0
BRDA:132,7,1,0
BRDA:144,8,0,0
BRDA:144,8,1,0
BRDA:155,9,0,0
BRDA:155,9,1,0
BRDA:166,10,0,0
BRDA:166,10,1,0
BRDA:194,11,0,0
BRDA:195,12,0,0
BRDA:195,12,1,0
BRDA:267,13,0,0
BRDA:270,14,0,0
BRDA:270,14,1,0
BRDA:303,15,0,0
BRF:29
BRH:0
end_of_record
